2020-08-16 22:21:24.743 lovexian [main] INFO  e.x.cs.lovexian.LoveXianApplication - Starting LoveXianApplication on AUTOBVT-I3TJPGE with PID 12356 (D:\EarthSite\lovexian\target\classes started by Chengml in D:\EarthSite\lovexian)
2020-08-16 22:21:24.750 lovexian [main] INFO  e.x.cs.lovexian.LoveXianApplication - No active profile set, falling back to default profiles: default
2020-08-16 22:21:27.925 lovexian [main] INFO  o.s.d.r.c.RepositoryConfigurationDelegate - Multiple Spring Data modules found, entering strict repository configuration mode!
2020-08-16 22:21:27.927 lovexian [main] INFO  o.s.d.r.c.RepositoryConfigurationDelegate - Bootstrapping Spring Data repositories in DEFAULT mode.
2020-08-16 22:21:28.024 lovexian [main] INFO  o.s.d.r.c.RepositoryConfigurationDelegate - Finished Spring Data repository scanning in 79ms. Found 0 repository interfaces.
2020-08-16 22:21:28.663 lovexian [main] INFO  o.s.c.s.PostProcessorRegistrationDelegate$BeanPostProcessorChecker - Bean 'asyncExecutorPoolConfig' of type [edu.xpu.cs.lovexianlovexian.common.config.AsyncExecutorPoolConfig$$EnhancerBySpringCGLIB$$dd91fdf6] is not eligible for getting processed by all BeanPostProcessors (for example: not eligible for auto-proxying)
2020-08-16 22:21:28.928 lovexian [main] INFO  o.s.c.s.PostProcessorRegistrationDelegate$BeanPostProcessorChecker - Bean 'spring.datasource.dynamic-com.baomidou.dynamic.datasource.spring.boot.autoconfigure.DynamicDataSourceProperties' of type [com.baomidou.dynamic.datasource.spring.boot.autoconfigure.DynamicDataSourceProperties] is not eligible for getting processed by all BeanPostProcessors (for example: not eligible for auto-proxying)
2020-08-16 22:21:29.129 lovexian [main] INFO  o.s.c.s.PostProcessorRegistrationDelegate$BeanPostProcessorChecker - Bean 'com.baomidou.dynamic.datasource.spring.boot.autoconfigure.DynamicDataSourceAutoConfiguration' of type [com.baomidou.dynamic.datasource.spring.boot.autoconfigure.DynamicDataSourceAutoConfiguration$$EnhancerBySpringCGLIB$$b5051e67] is not eligible for getting processed by all BeanPostProcessors (for example: not eligible for auto-proxying)
2020-08-16 22:21:29.153 lovexian [main] INFO  o.s.c.s.PostProcessorRegistrationDelegate$BeanPostProcessorChecker - Bean 'dsProcessor' of type [com.baomidou.dynamic.datasource.processor.DsHeaderProcessor] is not eligible for getting processed by all BeanPostProcessors (for example: not eligible for auto-proxying)
2020-08-16 22:21:29.158 lovexian [main] INFO  o.s.c.s.PostProcessorRegistrationDelegate$BeanPostProcessorChecker - Bean 'dynamicDatasourceAnnotationAdvisor' of type [com.baomidou.dynamic.datasource.aop.DynamicDataSourceAnnotationAdvisor] is not eligible for getting processed by all BeanPostProcessors (for example: not eligible for auto-proxying)
2020-08-16 22:21:29.181 lovexian [main] INFO  o.s.c.s.PostProcessorRegistrationDelegate$BeanPostProcessorChecker - Bean 'org.springframework.transaction.annotation.ProxyTransactionManagementConfiguration' of type [org.springframework.transaction.annotation.ProxyTransactionManagementConfiguration$$EnhancerBySpringCGLIB$$4b76ad96] is not eligible for getting processed by all BeanPostProcessors (for example: not eligible for auto-proxying)
2020-08-16 22:21:29.233 lovexian [main] INFO  o.s.c.s.PostProcessorRegistrationDelegate$BeanPostProcessorChecker - Bean 'loveXianProperties' of type [edu.xpu.cs.lovexian.common.properties.LoveXianProperties$$EnhancerBySpringCGLIB$$7762f19f] is not eligible for getting processed by all BeanPostProcessors (for example: not eligible for auto-proxying)
2020-08-16 22:21:29.241 lovexian [main] INFO  o.s.c.s.PostProcessorRegistrationDelegate$BeanPostProcessorChecker - Bean 'shiroConfig' of type [edu.xpu.cs.lovexian.common.authentication.ShiroConfig$$EnhancerBySpringCGLIB$$e366bf2] is not eligible for getting processed by all BeanPostProcessors (for example: not eligible for auto-proxying)
2020-08-16 22:21:30.080 lovexian [main] INFO  o.s.c.s.PostProcessorRegistrationDelegate$BeanPostProcessorChecker - Bean 'redisConfig' of type [edu.xpu.cs.lovexian.common.config.RedisConfig$$EnhancerBySpringCGLIB$$d6b08646] is not eligible for getting processed by all BeanPostProcessors (for example: not eligible for auto-proxying)
2020-08-16 22:21:30.113 lovexian [main] INFO  o.s.c.s.PostProcessorRegistrationDelegate$BeanPostProcessorChecker - Bean 'jedisPool' of type [redis.clients.jedis.JedisPool] is not eligible for getting processed by all BeanPostProcessors (for example: not eligible for auto-proxying)
2020-08-16 22:21:30.122 lovexian [main] INFO  o.s.c.s.PostProcessorRegistrationDelegate$BeanPostProcessorChecker - Bean 'redisService' of type [edu.xpu.cs.lovexian.common.service.impl.RedisServiceImpl] is not eligible for getting processed by all BeanPostProcessors (for example: not eligible for auto-proxying)
2020-08-16 22:21:30.218 lovexian [main] INFO  o.s.c.s.PostProcessorRegistrationDelegate$BeanPostProcessorChecker - Bean 'mybatis-plus-com.baomidou.mybatisplus.autoconfigure.MybatisPlusProperties' of type [com.baomidou.mybatisplus.autoconfigure.MybatisPlusProperties] is not eligible for getting processed by all BeanPostProcessors (for example: not eligible for auto-proxying)
2020-08-16 22:21:30.231 lovexian [main] INFO  o.s.c.s.PostProcessorRegistrationDelegate$BeanPostProcessorChecker - Bean 'mybatisPlusConfig' of type [edu.xpu.cs.lovexian.common.config.MybatisPlusConfig$$EnhancerBySpringCGLIB$$d65b5718] is not eligible for getting processed by all BeanPostProcessors (for example: not eligible for auto-proxying)
2020-08-16 22:21:30.239 lovexian [main] INFO  o.s.c.s.PostProcessorRegistrationDelegate$BeanPostProcessorChecker - Bean 'paginationInterceptor' of type [com.baomidou.mybatisplus.extension.plugins.PaginationInterceptor] is not eligible for getting processed by all BeanPostProcessors (for example: not eligible for auto-proxying)
2020-08-16 22:21:30.250 lovexian [main] INFO  o.s.c.s.PostProcessorRegistrationDelegate$BeanPostProcessorChecker - Bean 'com.baomidou.mybatisplus.autoconfigure.MybatisPlusAutoConfiguration' of type [com.baomidou.mybatisplus.autoconfigure.MybatisPlusAutoConfiguration$$EnhancerBySpringCGLIB$$893f1a30] is not eligible for getting processed by all BeanPostProcessors (for example: not eligible for auto-proxying)
2020-08-16 22:21:30.288 lovexian [main] INFO  c.b.d.d.DynamicDataSourceCreator - 动态数据源-检测到druid存在,如配置中未指定type,druid会默认配置
2020-08-16 22:21:30.289 lovexian [main] INFO  o.s.c.s.PostProcessorRegistrationDelegate$BeanPostProcessorChecker - Bean 'dynamicDataSourceCreator' of type [com.baomidou.dynamic.datasource.DynamicDataSourceCreator] is not eligible for getting processed by all BeanPostProcessors (for example: not eligible for auto-proxying)
2020-08-16 22:21:30.294 lovexian [main] INFO  o.s.c.s.PostProcessorRegistrationDelegate$BeanPostProcessorChecker - Bean 'dynamicDataSourceProvider' of type [com.baomidou.dynamic.datasource.provider.YmlDynamicDataSourceProvider] is not eligible for getting processed by all BeanPostProcessors (for example: not eligible for auto-proxying)
2020-08-16 22:21:30.300 lovexian [main] INFO  c.b.d.d.DynamicRoutingDataSource - 动态数据源-检测到并开启了p6spy
2020-08-16 22:21:51.478 lovexian [main] INFO  c.alibaba.druid.pool.DruidDataSource - {dataSource-1,master} inited
2020-08-16 22:22:12.666 lovexian [main] INFO  c.alibaba.druid.pool.DruidDataSource - {dataSource-2,slave} inited
2020-08-16 22:22:12.668 lovexian [main] INFO  c.b.d.d.DynamicRoutingDataSource - 初始共加载 2 个数据源
2020-08-16 22:22:12.669 lovexian [main] INFO  c.b.d.d.DynamicRoutingDataSource - 动态数据源-加载 slave 成功
2020-08-16 22:22:12.669 lovexian [main] INFO  c.b.d.d.DynamicRoutingDataSource - 动态数据源-加载 master 成功
2020-08-16 22:22:12.669 lovexian [main] INFO  c.b.d.d.DynamicRoutingDataSource - 当前的默认数据源是单数据源，数据源名为 master
2020-08-16 22:22:12.669 lovexian [main] INFO  o.s.c.s.PostProcessorRegistrationDelegate$BeanPostProcessorChecker - Bean 'dataSource' of type [com.baomidou.dynamic.datasource.DynamicRoutingDataSource] is not eligible for getting processed by all BeanPostProcessors (for example: not eligible for auto-proxying)
2020-08-16 22:22:12.765 lovexian [main] INFO  o.s.c.s.PostProcessorRegistrationDelegate$BeanPostProcessorChecker - Bean 'spring.datasource-org.springframework.boot.autoconfigure.jdbc.DataSourceProperties' of type [org.springframework.boot.autoconfigure.jdbc.DataSourceProperties] is not eligible for getting processed by all BeanPostProcessors (for example: not eligible for auto-proxying)
2020-08-16 22:22:12.800 lovexian [main] INFO  o.s.c.s.PostProcessorRegistrationDelegate$BeanPostProcessorChecker - Bean 'org.springframework.boot.autoconfigure.jdbc.DataSourceInitializerInvoker' of type [org.springframework.boot.autoconfigure.jdbc.DataSourceInitializerInvoker] is not eligible for getting processed by all BeanPostProcessors (for example: not eligible for auto-proxying)
2020-08-16 22:22:33.602 lovexian [Druid-ConnectionPool-Create-1655562261] INFO  c.a.d.pool.DruidAbstractDataSource - {dataSource-1} failContinuous is true
2020-08-16 22:22:54.703 lovexian [Druid-ConnectionPool-Create-447825462] INFO  c.a.d.pool.DruidAbstractDataSource - {dataSource-2} failContinuous is true
2020-08-16 22:24:13.310 lovexian [main] INFO  c.b.d.d.DynamicRoutingDataSource - closing dynamicDatasource  ing....
2020-08-16 22:24:13.328 lovexian [main] INFO  c.alibaba.druid.pool.DruidDataSource - {dataSource-2} closing ...
2020-08-16 22:24:13.330 lovexian [main] INFO  c.alibaba.druid.pool.DruidDataSource - {dataSource-2} closed
2020-08-16 22:24:13.330 lovexian [main] INFO  c.alibaba.druid.pool.DruidDataSource - {dataSource-1} closing ...
2020-08-16 22:24:13.330 lovexian [main] INFO  c.alibaba.druid.pool.DruidDataSource - {dataSource-1} closed
2020-08-16 22:24:13.354 lovexian [main] INFO  o.s.b.a.l.ConditionEvaluationReportLoggingListener - 

Error starting ApplicationContext. To display the conditions report re-run your application with 'debug' enabled.
2020-08-16 22:31:44.334 lovexian [main] INFO  e.x.cs.lovexian.EarthSiteApplication - Starting EarthSiteApplication on AUTOBVT-I3TJPGE with PID 6752 (D:\EarthSite\earth_site\target\classes started by Chengml in D:\EarthSite\earth_site)
2020-08-16 22:31:44.339 lovexian [main] INFO  e.x.cs.lovexian.EarthSiteApplication - No active profile set, falling back to default profiles: default
2020-08-16 22:31:48.164 lovexian [main] INFO  o.s.d.r.c.RepositoryConfigurationDelegate - Multiple Spring Data modules found, entering strict repository configuration mode!
2020-08-16 22:31:48.169 lovexian [main] INFO  o.s.d.r.c.RepositoryConfigurationDelegate - Bootstrapping Spring Data repositories in DEFAULT mode.
2020-08-16 22:31:48.310 lovexian [main] INFO  o.s.d.r.c.RepositoryConfigurationDelegate - Finished Spring Data repository scanning in 116ms. Found 0 repository interfaces.
2020-08-16 22:31:48.834 lovexian [main] INFO  o.s.c.s.PostProcessorRegistrationDelegate$BeanPostProcessorChecker - Bean 'asyncExecutorPoolConfig' of type [edu.xpu.cs.lovexian.common.config.AsyncExecutorPoolConfig$$EnhancerBySpringCGLIB$$b5ee4b4] is not eligible for getting processed by all BeanPostProcessors (for example: not eligible for auto-proxying)
2020-08-16 22:31:49.046 lovexian [main] INFO  o.s.c.s.PostProcessorRegistrationDelegate$BeanPostProcessorChecker - Bean 'spring.datasource.dynamic-com.baomidou.dynamic.datasource.spring.boot.autoconfigure.DynamicDataSourceProperties' of type [com.baomidou.dynamic.datasource.spring.boot.autoconfigure.DynamicDataSourceProperties] is not eligible for getting processed by all BeanPostProcessors (for example: not eligible for auto-proxying)
2020-08-16 22:31:49.175 lovexian [main] INFO  o.s.c.s.PostProcessorRegistrationDelegate$BeanPostProcessorChecker - Bean 'com.baomidou.dynamic.datasource.spring.boot.autoconfigure.DynamicDataSourceAutoConfiguration' of type [com.baomidou.dynamic.datasource.spring.boot.autoconfigure.DynamicDataSourceAutoConfiguration$$EnhancerBySpringCGLIB$$e2d20525] is not eligible for getting processed by all BeanPostProcessors (for example: not eligible for auto-proxying)
2020-08-16 22:31:49.190 lovexian [main] INFO  o.s.c.s.PostProcessorRegistrationDelegate$BeanPostProcessorChecker - Bean 'dsProcessor' of type [com.baomidou.dynamic.datasource.processor.DsHeaderProcessor] is not eligible for getting processed by all BeanPostProcessors (for example: not eligible for auto-proxying)
2020-08-16 22:31:49.195 lovexian [main] INFO  o.s.c.s.PostProcessorRegistrationDelegate$BeanPostProcessorChecker - Bean 'dynamicDatasourceAnnotationAdvisor' of type [com.baomidou.dynamic.datasource.aop.DynamicDataSourceAnnotationAdvisor] is not eligible for getting processed by all BeanPostProcessors (for example: not eligible for auto-proxying)
2020-08-16 22:31:49.209 lovexian [main] INFO  o.s.c.s.PostProcessorRegistrationDelegate$BeanPostProcessorChecker - Bean 'org.springframework.transaction.annotation.ProxyTransactionManagementConfiguration' of type [org.springframework.transaction.annotation.ProxyTransactionManagementConfiguration$$EnhancerBySpringCGLIB$$79439454] is not eligible for getting processed by all BeanPostProcessors (for example: not eligible for auto-proxying)
2020-08-16 22:31:49.243 lovexian [main] INFO  o.s.c.s.PostProcessorRegistrationDelegate$BeanPostProcessorChecker - Bean 'loveXianProperties' of type [edu.xpu.cs.lovexian.common.properties.LoveXianProperties$$EnhancerBySpringCGLIB$$a52fd85d] is not eligible for getting processed by all BeanPostProcessors (for example: not eligible for auto-proxying)
2020-08-16 22:31:49.250 lovexian [main] INFO  o.s.c.s.PostProcessorRegistrationDelegate$BeanPostProcessorChecker - Bean 'shiroConfig' of type [edu.xpu.cs.lovexian.common.authentication.ShiroConfig$$EnhancerBySpringCGLIB$$3c0352b0] is not eligible for getting processed by all BeanPostProcessors (for example: not eligible for auto-proxying)
2020-08-16 22:31:49.857 lovexian [main] INFO  o.s.c.s.PostProcessorRegistrationDelegate$BeanPostProcessorChecker - Bean 'redisConfig' of type [edu.xpu.cs.lovexian.common.config.RedisConfig$$EnhancerBySpringCGLIB$$47d6d04] is not eligible for getting processed by all BeanPostProcessors (for example: not eligible for auto-proxying)
2020-08-16 22:31:49.889 lovexian [main] INFO  o.s.c.s.PostProcessorRegistrationDelegate$BeanPostProcessorChecker - Bean 'jedisPool' of type [redis.clients.jedis.JedisPool] is not eligible for getting processed by all BeanPostProcessors (for example: not eligible for auto-proxying)
2020-08-16 22:31:49.900 lovexian [main] INFO  o.s.c.s.PostProcessorRegistrationDelegate$BeanPostProcessorChecker - Bean 'redisService' of type [edu.xpu.cs.lovexian.common.service.impl.RedisServiceImpl] is not eligible for getting processed by all BeanPostProcessors (for example: not eligible for auto-proxying)
2020-08-16 22:31:50.001 lovexian [main] INFO  o.s.c.s.PostProcessorRegistrationDelegate$BeanPostProcessorChecker - Bean 'mybatis-plus-com.baomidou.mybatisplus.autoconfigure.MybatisPlusProperties' of type [com.baomidou.mybatisplus.autoconfigure.MybatisPlusProperties] is not eligible for getting processed by all BeanPostProcessors (for example: not eligible for auto-proxying)
2020-08-16 22:31:50.014 lovexian [main] INFO  o.s.c.s.PostProcessorRegistrationDelegate$BeanPostProcessorChecker - Bean 'mybatisPlusConfig' of type [edu.xpu.cs.lovexian.common.config.MybatisPlusConfig$$EnhancerBySpringCGLIB$$4283dd6] is not eligible for getting processed by all BeanPostProcessors (for example: not eligible for auto-proxying)
2020-08-16 22:31:50.030 lovexian [main] INFO  o.s.c.s.PostProcessorRegistrationDelegate$BeanPostProcessorChecker - Bean 'paginationInterceptor' of type [com.baomidou.mybatisplus.extension.plugins.PaginationInterceptor] is not eligible for getting processed by all BeanPostProcessors (for example: not eligible for auto-proxying)
2020-08-16 22:31:50.048 lovexian [main] INFO  o.s.c.s.PostProcessorRegistrationDelegate$BeanPostProcessorChecker - Bean 'com.baomidou.mybatisplus.autoconfigure.MybatisPlusAutoConfiguration' of type [com.baomidou.mybatisplus.autoconfigure.MybatisPlusAutoConfiguration$$EnhancerBySpringCGLIB$$b70c00ee] is not eligible for getting processed by all BeanPostProcessors (for example: not eligible for auto-proxying)
2020-08-16 22:31:50.095 lovexian [main] INFO  c.b.d.d.DynamicDataSourceCreator - 动态数据源-检测到druid存在,如配置中未指定type,druid会默认配置
2020-08-16 22:31:50.097 lovexian [main] INFO  o.s.c.s.PostProcessorRegistrationDelegate$BeanPostProcessorChecker - Bean 'dynamicDataSourceCreator' of type [com.baomidou.dynamic.datasource.DynamicDataSourceCreator] is not eligible for getting processed by all BeanPostProcessors (for example: not eligible for auto-proxying)
2020-08-16 22:31:50.101 lovexian [main] INFO  o.s.c.s.PostProcessorRegistrationDelegate$BeanPostProcessorChecker - Bean 'dynamicDataSourceProvider' of type [com.baomidou.dynamic.datasource.provider.YmlDynamicDataSourceProvider] is not eligible for getting processed by all BeanPostProcessors (for example: not eligible for auto-proxying)
2020-08-16 22:31:50.107 lovexian [main] INFO  c.b.d.d.DynamicRoutingDataSource - 动态数据源-检测到并开启了p6spy
2020-08-16 22:32:11.334 lovexian [main] INFO  c.alibaba.druid.pool.DruidDataSource - {dataSource-1,master} inited
2020-08-16 22:32:32.395 lovexian [main] INFO  c.alibaba.druid.pool.DruidDataSource - {dataSource-2,slave} inited
2020-08-16 22:32:32.400 lovexian [main] INFO  c.b.d.d.DynamicRoutingDataSource - 初始共加载 2 个数据源
2020-08-16 22:32:32.400 lovexian [main] INFO  c.b.d.d.DynamicRoutingDataSource - 动态数据源-加载 slave 成功
2020-08-16 22:32:32.400 lovexian [main] INFO  c.b.d.d.DynamicRoutingDataSource - 动态数据源-加载 master 成功
2020-08-16 22:32:32.400 lovexian [main] INFO  c.b.d.d.DynamicRoutingDataSource - 当前的默认数据源是单数据源，数据源名为 master
2020-08-16 22:32:32.401 lovexian [main] INFO  o.s.c.s.PostProcessorRegistrationDelegate$BeanPostProcessorChecker - Bean 'dataSource' of type [com.baomidou.dynamic.datasource.DynamicRoutingDataSource] is not eligible for getting processed by all BeanPostProcessors (for example: not eligible for auto-proxying)
2020-08-16 22:32:32.421 lovexian [main] INFO  o.s.c.s.PostProcessorRegistrationDelegate$BeanPostProcessorChecker - Bean 'spring.datasource-org.springframework.boot.autoconfigure.jdbc.DataSourceProperties' of type [org.springframework.boot.autoconfigure.jdbc.DataSourceProperties] is not eligible for getting processed by all BeanPostProcessors (for example: not eligible for auto-proxying)
2020-08-16 22:32:32.433 lovexian [main] INFO  o.s.c.s.PostProcessorRegistrationDelegate$BeanPostProcessorChecker - Bean 'org.springframework.boot.autoconfigure.jdbc.DataSourceInitializerInvoker' of type [org.springframework.boot.autoconfigure.jdbc.DataSourceInitializerInvoker] is not eligible for getting processed by all BeanPostProcessors (for example: not eligible for auto-proxying)
2020-08-16 22:32:53.341 lovexian [Druid-ConnectionPool-Create-1071439482] INFO  c.a.d.pool.DruidAbstractDataSource - {dataSource-1} failContinuous is true
2020-08-16 22:40:24.084 lovexian [main] INFO  e.x.cs.lovexian.EarthSiteApplication - Starting EarthSiteApplication on AUTOBVT-I3TJPGE with PID 4780 (D:\EarthSite\earth_site\target\classes started by Chengml in D:\EarthSite\earth_site)
2020-08-16 22:40:24.090 lovexian [main] INFO  e.x.cs.lovexian.EarthSiteApplication - No active profile set, falling back to default profiles: default
2020-08-16 22:40:27.058 lovexian [main] INFO  o.s.d.r.c.RepositoryConfigurationDelegate - Multiple Spring Data modules found, entering strict repository configuration mode!
2020-08-16 22:40:27.060 lovexian [main] INFO  o.s.d.r.c.RepositoryConfigurationDelegate - Bootstrapping Spring Data repositories in DEFAULT mode.
2020-08-16 22:40:27.156 lovexian [main] INFO  o.s.d.r.c.RepositoryConfigurationDelegate - Finished Spring Data repository scanning in 80ms. Found 0 repository interfaces.
2020-08-16 22:40:27.715 lovexian [main] INFO  o.s.c.s.PostProcessorRegistrationDelegate$BeanPostProcessorChecker - Bean 'asyncExecutorPoolConfig' of type [edu.xpu.cs.lovexian.common.config.AsyncExecutorPoolConfig$$EnhancerBySpringCGLIB$$730ac125] is not eligible for getting processed by all BeanPostProcessors (for example: not eligible for auto-proxying)
2020-08-16 22:40:28.009 lovexian [main] INFO  o.s.c.s.PostProcessorRegistrationDelegate$BeanPostProcessorChecker - Bean 'spring.datasource.dynamic-com.baomidou.dynamic.datasource.spring.boot.autoconfigure.DynamicDataSourceProperties' of type [com.baomidou.dynamic.datasource.spring.boot.autoconfigure.DynamicDataSourceProperties] is not eligible for getting processed by all BeanPostProcessors (for example: not eligible for auto-proxying)
2020-08-16 22:40:28.136 lovexian [main] INFO  o.s.c.s.PostProcessorRegistrationDelegate$BeanPostProcessorChecker - Bean 'com.baomidou.dynamic.datasource.spring.boot.autoconfigure.DynamicDataSourceAutoConfiguration' of type [com.baomidou.dynamic.datasource.spring.boot.autoconfigure.DynamicDataSourceAutoConfiguration$$EnhancerBySpringCGLIB$$4a7de196] is not eligible for getting processed by all BeanPostProcessors (for example: not eligible for auto-proxying)
2020-08-16 22:40:28.150 lovexian [main] INFO  o.s.c.s.PostProcessorRegistrationDelegate$BeanPostProcessorChecker - Bean 'dsProcessor' of type [com.baomidou.dynamic.datasource.processor.DsHeaderProcessor] is not eligible for getting processed by all BeanPostProcessors (for example: not eligible for auto-proxying)
2020-08-16 22:40:28.155 lovexian [main] INFO  o.s.c.s.PostProcessorRegistrationDelegate$BeanPostProcessorChecker - Bean 'dynamicDatasourceAnnotationAdvisor' of type [com.baomidou.dynamic.datasource.aop.DynamicDataSourceAnnotationAdvisor] is not eligible for getting processed by all BeanPostProcessors (for example: not eligible for auto-proxying)
2020-08-16 22:40:28.174 lovexian [main] INFO  o.s.c.s.PostProcessorRegistrationDelegate$BeanPostProcessorChecker - Bean 'org.springframework.transaction.annotation.ProxyTransactionManagementConfiguration' of type [org.springframework.transaction.annotation.ProxyTransactionManagementConfiguration$$EnhancerBySpringCGLIB$$e0ef70c5] is not eligible for getting processed by all BeanPostProcessors (for example: not eligible for auto-proxying)
2020-08-16 22:40:28.207 lovexian [main] INFO  o.s.c.s.PostProcessorRegistrationDelegate$BeanPostProcessorChecker - Bean 'loveXianProperties' of type [edu.xpu.cs.lovexian.common.properties.LoveXianProperties$$EnhancerBySpringCGLIB$$cdbb4ce] is not eligible for getting processed by all BeanPostProcessors (for example: not eligible for auto-proxying)
2020-08-16 22:40:28.222 lovexian [main] INFO  o.s.c.s.PostProcessorRegistrationDelegate$BeanPostProcessorChecker - Bean 'shiroConfig' of type [edu.xpu.cs.lovexian.common.authentication.ShiroConfig$$EnhancerBySpringCGLIB$$a3af2f21] is not eligible for getting processed by all BeanPostProcessors (for example: not eligible for auto-proxying)
2020-08-16 22:40:28.848 lovexian [main] INFO  o.s.c.s.PostProcessorRegistrationDelegate$BeanPostProcessorChecker - Bean 'redisConfig' of type [edu.xpu.cs.lovexian.common.config.RedisConfig$$EnhancerBySpringCGLIB$$6c294975] is not eligible for getting processed by all BeanPostProcessors (for example: not eligible for auto-proxying)
2020-08-16 22:40:28.879 lovexian [main] INFO  o.s.c.s.PostProcessorRegistrationDelegate$BeanPostProcessorChecker - Bean 'jedisPool' of type [redis.clients.jedis.JedisPool] is not eligible for getting processed by all BeanPostProcessors (for example: not eligible for auto-proxying)
2020-08-16 22:40:28.888 lovexian [main] INFO  o.s.c.s.PostProcessorRegistrationDelegate$BeanPostProcessorChecker - Bean 'redisService' of type [edu.xpu.cs.lovexian.common.service.impl.RedisServiceImpl] is not eligible for getting processed by all BeanPostProcessors (for example: not eligible for auto-proxying)
2020-08-16 22:40:28.978 lovexian [main] INFO  o.s.c.s.PostProcessorRegistrationDelegate$BeanPostProcessorChecker - Bean 'mybatis-plus-com.baomidou.mybatisplus.autoconfigure.MybatisPlusProperties' of type [com.baomidou.mybatisplus.autoconfigure.MybatisPlusProperties] is not eligible for getting processed by all BeanPostProcessors (for example: not eligible for auto-proxying)
2020-08-16 22:40:28.994 lovexian [main] INFO  o.s.c.s.PostProcessorRegistrationDelegate$BeanPostProcessorChecker - Bean 'mybatisPlusConfig' of type [edu.xpu.cs.lovexian.common.config.MybatisPlusConfig$$EnhancerBySpringCGLIB$$6bd41a47] is not eligible for getting processed by all BeanPostProcessors (for example: not eligible for auto-proxying)
2020-08-16 22:40:29.000 lovexian [main] INFO  o.s.c.s.PostProcessorRegistrationDelegate$BeanPostProcessorChecker - Bean 'paginationInterceptor' of type [com.baomidou.mybatisplus.extension.plugins.PaginationInterceptor] is not eligible for getting processed by all BeanPostProcessors (for example: not eligible for auto-proxying)
2020-08-16 22:40:29.010 lovexian [main] INFO  o.s.c.s.PostProcessorRegistrationDelegate$BeanPostProcessorChecker - Bean 'com.baomidou.mybatisplus.autoconfigure.MybatisPlusAutoConfiguration' of type [com.baomidou.mybatisplus.autoconfigure.MybatisPlusAutoConfiguration$$EnhancerBySpringCGLIB$$1eb7dd5f] is not eligible for getting processed by all BeanPostProcessors (for example: not eligible for auto-proxying)
2020-08-16 22:40:29.035 lovexian [main] INFO  c.b.d.d.DynamicDataSourceCreator - 动态数据源-检测到druid存在,如配置中未指定type,druid会默认配置
2020-08-16 22:40:29.036 lovexian [main] INFO  o.s.c.s.PostProcessorRegistrationDelegate$BeanPostProcessorChecker - Bean 'dynamicDataSourceCreator' of type [com.baomidou.dynamic.datasource.DynamicDataSourceCreator] is not eligible for getting processed by all BeanPostProcessors (for example: not eligible for auto-proxying)
2020-08-16 22:40:29.039 lovexian [main] INFO  o.s.c.s.PostProcessorRegistrationDelegate$BeanPostProcessorChecker - Bean 'dynamicDataSourceProvider' of type [com.baomidou.dynamic.datasource.provider.YmlDynamicDataSourceProvider] is not eligible for getting processed by all BeanPostProcessors (for example: not eligible for auto-proxying)
2020-08-16 22:40:29.044 lovexian [main] INFO  c.b.d.d.DynamicRoutingDataSource - 动态数据源-检测到并开启了p6spy
2020-08-16 22:40:50.254 lovexian [main] INFO  c.alibaba.druid.pool.DruidDataSource - {dataSource-1,master} inited
2020-08-16 22:41:11.263 lovexian [main] INFO  c.alibaba.druid.pool.DruidDataSource - {dataSource-2,slave} inited
2020-08-16 22:41:11.266 lovexian [main] INFO  c.b.d.d.DynamicRoutingDataSource - 初始共加载 2 个数据源
2020-08-16 22:41:11.266 lovexian [main] INFO  c.b.d.d.DynamicRoutingDataSource - 动态数据源-加载 slave 成功
2020-08-16 22:41:11.266 lovexian [main] INFO  c.b.d.d.DynamicRoutingDataSource - 动态数据源-加载 master 成功
2020-08-16 22:41:11.266 lovexian [main] INFO  c.b.d.d.DynamicRoutingDataSource - 当前的默认数据源是单数据源，数据源名为 master
2020-08-16 22:41:11.266 lovexian [main] INFO  o.s.c.s.PostProcessorRegistrationDelegate$BeanPostProcessorChecker - Bean 'dataSource' of type [com.baomidou.dynamic.datasource.DynamicRoutingDataSource] is not eligible for getting processed by all BeanPostProcessors (for example: not eligible for auto-proxying)
2020-08-16 22:41:11.287 lovexian [main] INFO  o.s.c.s.PostProcessorRegistrationDelegate$BeanPostProcessorChecker - Bean 'spring.datasource-org.springframework.boot.autoconfigure.jdbc.DataSourceProperties' of type [org.springframework.boot.autoconfigure.jdbc.DataSourceProperties] is not eligible for getting processed by all BeanPostProcessors (for example: not eligible for auto-proxying)
2020-08-16 22:41:11.303 lovexian [main] INFO  o.s.c.s.PostProcessorRegistrationDelegate$BeanPostProcessorChecker - Bean 'org.springframework.boot.autoconfigure.jdbc.DataSourceInitializerInvoker' of type [org.springframework.boot.autoconfigure.jdbc.DataSourceInitializerInvoker] is not eligible for getting processed by all BeanPostProcessors (for example: not eligible for auto-proxying)
2020-08-16 22:41:32.259 lovexian [Druid-ConnectionPool-Create-1499688007] INFO  c.a.d.pool.DruidAbstractDataSource - {dataSource-1} failContinuous is true
2020-08-16 22:41:53.369 lovexian [Druid-ConnectionPool-Create-1676938400] INFO  c.a.d.pool.DruidAbstractDataSource - {dataSource-2} failContinuous is true
2020-08-16 22:43:11.444 lovexian [main] INFO  c.b.d.d.DynamicRoutingDataSource - closing dynamicDatasource  ing....
2020-08-16 22:43:11.452 lovexian [main] INFO  c.alibaba.druid.pool.DruidDataSource - {dataSource-2} closing ...
2020-08-16 22:43:11.454 lovexian [main] INFO  c.alibaba.druid.pool.DruidDataSource - {dataSource-2} closed
2020-08-16 22:43:11.454 lovexian [main] INFO  c.alibaba.druid.pool.DruidDataSource - {dataSource-1} closing ...
2020-08-16 22:43:11.454 lovexian [main] INFO  c.alibaba.druid.pool.DruidDataSource - {dataSource-1} closed
2020-08-16 22:43:11.476 lovexian [main] INFO  o.s.b.a.l.ConditionEvaluationReportLoggingListener - 

Error starting ApplicationContext. To display the conditions report re-run your application with 'debug' enabled.
2020-08-16 22:43:42.896 lovexian [main] INFO  e.x.cs.lovexian.EarthSiteApplication - Starting EarthSiteApplication on AUTOBVT-I3TJPGE with PID 11156 (D:\EarthSite\earth_site\target\classes started by Chengml in D:\EarthSite\earth_site)
2020-08-16 22:43:42.902 lovexian [main] INFO  e.x.cs.lovexian.EarthSiteApplication - No active profile set, falling back to default profiles: default
2020-08-16 22:43:46.042 lovexian [main] INFO  o.s.d.r.c.RepositoryConfigurationDelegate - Multiple Spring Data modules found, entering strict repository configuration mode!
2020-08-16 22:43:46.046 lovexian [main] INFO  o.s.d.r.c.RepositoryConfigurationDelegate - Bootstrapping Spring Data repositories in DEFAULT mode.
2020-08-16 22:43:46.171 lovexian [main] INFO  o.s.d.r.c.RepositoryConfigurationDelegate - Finished Spring Data repository scanning in 101ms. Found 0 repository interfaces.
2020-08-16 22:43:46.764 lovexian [main] INFO  o.s.c.s.PostProcessorRegistrationDelegate$BeanPostProcessorChecker - Bean 'asyncExecutorPoolConfig' of type [edu.xpu.cs.lovexian.common.config.AsyncExecutorPoolConfig$$EnhancerBySpringCGLIB$$1a384a65] is not eligible for getting processed by all BeanPostProcessors (for example: not eligible for auto-proxying)
2020-08-16 22:43:47.183 lovexian [main] INFO  o.s.c.s.PostProcessorRegistrationDelegate$BeanPostProcessorChecker - Bean 'spring.datasource.dynamic-com.baomidou.dynamic.datasource.spring.boot.autoconfigure.DynamicDataSourceProperties' of type [com.baomidou.dynamic.datasource.spring.boot.autoconfigure.DynamicDataSourceProperties] is not eligible for getting processed by all BeanPostProcessors (for example: not eligible for auto-proxying)
2020-08-16 22:43:47.360 lovexian [main] INFO  o.s.c.s.PostProcessorRegistrationDelegate$BeanPostProcessorChecker - Bean 'com.baomidou.dynamic.datasource.spring.boot.autoconfigure.DynamicDataSourceAutoConfiguration' of type [com.baomidou.dynamic.datasource.spring.boot.autoconfigure.DynamicDataSourceAutoConfiguration$$EnhancerBySpringCGLIB$$f1ab6ad6] is not eligible for getting processed by all BeanPostProcessors (for example: not eligible for auto-proxying)
2020-08-16 22:43:47.377 lovexian [main] INFO  o.s.c.s.PostProcessorRegistrationDelegate$BeanPostProcessorChecker - Bean 'dsProcessor' of type [com.baomidou.dynamic.datasource.processor.DsHeaderProcessor] is not eligible for getting processed by all BeanPostProcessors (for example: not eligible for auto-proxying)
2020-08-16 22:43:47.383 lovexian [main] INFO  o.s.c.s.PostProcessorRegistrationDelegate$BeanPostProcessorChecker - Bean 'dynamicDatasourceAnnotationAdvisor' of type [com.baomidou.dynamic.datasource.aop.DynamicDataSourceAnnotationAdvisor] is not eligible for getting processed by all BeanPostProcessors (for example: not eligible for auto-proxying)
2020-08-16 22:43:47.400 lovexian [main] INFO  o.s.c.s.PostProcessorRegistrationDelegate$BeanPostProcessorChecker - Bean 'org.springframework.transaction.annotation.ProxyTransactionManagementConfiguration' of type [org.springframework.transaction.annotation.ProxyTransactionManagementConfiguration$$EnhancerBySpringCGLIB$$881cfa05] is not eligible for getting processed by all BeanPostProcessors (for example: not eligible for auto-proxying)
2020-08-16 22:43:47.443 lovexian [main] INFO  o.s.c.s.PostProcessorRegistrationDelegate$BeanPostProcessorChecker - Bean 'earthSiteProperties' of type [edu.xpu.cs.lovexian.common.properties.EarthSiteProperties$$EnhancerBySpringCGLIB$$bf76744d] is not eligible for getting processed by all BeanPostProcessors (for example: not eligible for auto-proxying)
2020-08-16 22:43:47.454 lovexian [main] INFO  o.s.c.s.PostProcessorRegistrationDelegate$BeanPostProcessorChecker - Bean 'shiroConfig' of type [edu.xpu.cs.lovexian.common.authentication.ShiroConfig$$EnhancerBySpringCGLIB$$4adcb861] is not eligible for getting processed by all BeanPostProcessors (for example: not eligible for auto-proxying)
2020-08-16 22:43:48.127 lovexian [main] INFO  o.s.c.s.PostProcessorRegistrationDelegate$BeanPostProcessorChecker - Bean 'redisConfig' of type [edu.xpu.cs.lovexian.common.config.RedisConfig$$EnhancerBySpringCGLIB$$1356d2b5] is not eligible for getting processed by all BeanPostProcessors (for example: not eligible for auto-proxying)
2020-08-16 22:43:48.162 lovexian [main] INFO  o.s.c.s.PostProcessorRegistrationDelegate$BeanPostProcessorChecker - Bean 'jedisPool' of type [redis.clients.jedis.JedisPool] is not eligible for getting processed by all BeanPostProcessors (for example: not eligible for auto-proxying)
2020-08-16 22:43:48.169 lovexian [main] INFO  o.s.c.s.PostProcessorRegistrationDelegate$BeanPostProcessorChecker - Bean 'redisService' of type [edu.xpu.cs.lovexian.common.service.impl.RedisServiceImpl] is not eligible for getting processed by all BeanPostProcessors (for example: not eligible for auto-proxying)
2020-08-16 22:43:48.271 lovexian [main] INFO  o.s.c.s.PostProcessorRegistrationDelegate$BeanPostProcessorChecker - Bean 'mybatis-plus-com.baomidou.mybatisplus.autoconfigure.MybatisPlusProperties' of type [com.baomidou.mybatisplus.autoconfigure.MybatisPlusProperties] is not eligible for getting processed by all BeanPostProcessors (for example: not eligible for auto-proxying)
2020-08-16 22:43:48.287 lovexian [main] INFO  o.s.c.s.PostProcessorRegistrationDelegate$BeanPostProcessorChecker - Bean 'mybatisPlusConfig' of type [edu.xpu.cs.lovexian.common.config.MybatisPlusConfig$$EnhancerBySpringCGLIB$$1301a387] is not eligible for getting processed by all BeanPostProcessors (for example: not eligible for auto-proxying)
2020-08-16 22:43:48.296 lovexian [main] INFO  o.s.c.s.PostProcessorRegistrationDelegate$BeanPostProcessorChecker - Bean 'paginationInterceptor' of type [com.baomidou.mybatisplus.extension.plugins.PaginationInterceptor] is not eligible for getting processed by all BeanPostProcessors (for example: not eligible for auto-proxying)
2020-08-16 22:43:48.310 lovexian [main] INFO  o.s.c.s.PostProcessorRegistrationDelegate$BeanPostProcessorChecker - Bean 'com.baomidou.mybatisplus.autoconfigure.MybatisPlusAutoConfiguration' of type [com.baomidou.mybatisplus.autoconfigure.MybatisPlusAutoConfiguration$$EnhancerBySpringCGLIB$$c5e5669f] is not eligible for getting processed by all BeanPostProcessors (for example: not eligible for auto-proxying)
2020-08-16 22:43:48.345 lovexian [main] INFO  c.b.d.d.DynamicDataSourceCreator - 动态数据源-检测到druid存在,如配置中未指定type,druid会默认配置
2020-08-16 22:43:48.346 lovexian [main] INFO  o.s.c.s.PostProcessorRegistrationDelegate$BeanPostProcessorChecker - Bean 'dynamicDataSourceCreator' of type [com.baomidou.dynamic.datasource.DynamicDataSourceCreator] is not eligible for getting processed by all BeanPostProcessors (for example: not eligible for auto-proxying)
2020-08-16 22:43:48.350 lovexian [main] INFO  o.s.c.s.PostProcessorRegistrationDelegate$BeanPostProcessorChecker - Bean 'dynamicDataSourceProvider' of type [com.baomidou.dynamic.datasource.provider.YmlDynamicDataSourceProvider] is not eligible for getting processed by all BeanPostProcessors (for example: not eligible for auto-proxying)
2020-08-16 22:43:48.356 lovexian [main] INFO  c.b.d.d.DynamicRoutingDataSource - 动态数据源-检测到并开启了p6spy
2020-08-16 22:44:09.548 lovexian [main] INFO  c.alibaba.druid.pool.DruidDataSource - {dataSource-1,master} inited
2020-08-16 22:44:30.582 lovexian [main] INFO  c.alibaba.druid.pool.DruidDataSource - {dataSource-2,slave} inited
2020-08-16 22:44:30.589 lovexian [main] INFO  c.b.d.d.DynamicRoutingDataSource - 初始共加载 2 个数据源
2020-08-16 22:44:30.589 lovexian [main] INFO  c.b.d.d.DynamicRoutingDataSource - 动态数据源-加载 slave 成功
2020-08-16 22:44:30.589 lovexian [main] INFO  c.b.d.d.DynamicRoutingDataSource - 动态数据源-加载 master 成功
2020-08-16 22:44:30.590 lovexian [main] INFO  c.b.d.d.DynamicRoutingDataSource - 当前的默认数据源是单数据源，数据源名为 master
2020-08-16 22:44:30.590 lovexian [main] INFO  o.s.c.s.PostProcessorRegistrationDelegate$BeanPostProcessorChecker - Bean 'dataSource' of type [com.baomidou.dynamic.datasource.DynamicRoutingDataSource] is not eligible for getting processed by all BeanPostProcessors (for example: not eligible for auto-proxying)
2020-08-16 22:44:30.613 lovexian [main] INFO  o.s.c.s.PostProcessorRegistrationDelegate$BeanPostProcessorChecker - Bean 'spring.datasource-org.springframework.boot.autoconfigure.jdbc.DataSourceProperties' of type [org.springframework.boot.autoconfigure.jdbc.DataSourceProperties] is not eligible for getting processed by all BeanPostProcessors (for example: not eligible for auto-proxying)
2020-08-16 22:44:30.628 lovexian [main] INFO  o.s.c.s.PostProcessorRegistrationDelegate$BeanPostProcessorChecker - Bean 'org.springframework.boot.autoconfigure.jdbc.DataSourceInitializerInvoker' of type [org.springframework.boot.autoconfigure.jdbc.DataSourceInitializerInvoker] is not eligible for getting processed by all BeanPostProcessors (for example: not eligible for auto-proxying)
2020-08-16 22:44:51.577 lovexian [Druid-ConnectionPool-Create-1947681232] INFO  c.a.d.pool.DruidAbstractDataSource - {dataSource-1} failContinuous is true
2020-08-16 22:45:12.589 lovexian [Druid-ConnectionPool-Create-1774531247] INFO  c.a.d.pool.DruidAbstractDataSource - {dataSource-2} failContinuous is true
2020-08-16 22:46:30.783 lovexian [main] INFO  c.b.d.d.DynamicRoutingDataSource - closing dynamicDatasource  ing....
2020-08-16 22:46:30.790 lovexian [main] INFO  c.alibaba.druid.pool.DruidDataSource - {dataSource-2} closing ...
2020-08-16 22:46:30.791 lovexian [main] INFO  c.alibaba.druid.pool.DruidDataSource - {dataSource-2} closed
2020-08-16 22:46:30.792 lovexian [main] INFO  c.alibaba.druid.pool.DruidDataSource - {dataSource-1} closing ...
2020-08-16 22:46:30.792 lovexian [main] INFO  c.alibaba.druid.pool.DruidDataSource - {dataSource-1} closed
2020-08-16 22:46:30.812 lovexian [main] INFO  o.s.b.a.l.ConditionEvaluationReportLoggingListener - 

Error starting ApplicationContext. To display the conditions report re-run your application with 'debug' enabled.
2020-08-16 22:49:39.290 lovexian [main] INFO  e.x.c.earthsite.EarthSiteApplication - Starting EarthSiteApplication on AUTOBVT-I3TJPGE with PID 13088 (D:\EarthSite\earth_site\target\classes started by Chengml in D:\EarthSite\earth_site)
2020-08-16 22:49:39.295 lovexian [main] INFO  e.x.c.earthsite.EarthSiteApplication - No active profile set, falling back to default profiles: default
2020-08-16 22:49:43.231 lovexian [main] INFO  o.s.d.r.c.RepositoryConfigurationDelegate - Multiple Spring Data modules found, entering strict repository configuration mode!
2020-08-16 22:49:43.235 lovexian [main] INFO  o.s.d.r.c.RepositoryConfigurationDelegate - Bootstrapping Spring Data repositories in DEFAULT mode.
2020-08-16 22:49:43.356 lovexian [main] INFO  o.s.d.r.c.RepositoryConfigurationDelegate - Finished Spring Data repository scanning in 94ms. Found 0 repository interfaces.
2020-08-16 22:49:43.891 lovexian [main] INFO  o.s.c.s.PostProcessorRegistrationDelegate$BeanPostProcessorChecker - Bean 'asyncExecutorPoolConfig' of type [edu.xpu.cs.lovexian.common.config.AsyncExecutorPoolConfig$$EnhancerBySpringCGLIB$$d662a47c] is not eligible for getting processed by all BeanPostProcessors (for example: not eligible for auto-proxying)
2020-08-16 22:49:44.174 lovexian [main] INFO  o.s.c.s.PostProcessorRegistrationDelegate$BeanPostProcessorChecker - Bean 'spring.datasource.dynamic-com.baomidou.dynamic.datasource.spring.boot.autoconfigure.DynamicDataSourceProperties' of type [com.baomidou.dynamic.datasource.spring.boot.autoconfigure.DynamicDataSourceProperties] is not eligible for getting processed by all BeanPostProcessors (for example: not eligible for auto-proxying)
2020-08-16 22:49:44.337 lovexian [main] INFO  o.s.c.s.PostProcessorRegistrationDelegate$BeanPostProcessorChecker - Bean 'com.baomidou.dynamic.datasource.spring.boot.autoconfigure.DynamicDataSourceAutoConfiguration' of type [com.baomidou.dynamic.datasource.spring.boot.autoconfigure.DynamicDataSourceAutoConfiguration$$EnhancerBySpringCGLIB$$4a7de196] is not eligible for getting processed by all BeanPostProcessors (for example: not eligible for auto-proxying)
2020-08-16 22:49:44.356 lovexian [main] INFO  o.s.c.s.PostProcessorRegistrationDelegate$BeanPostProcessorChecker - Bean 'dsProcessor' of type [com.baomidou.dynamic.datasource.processor.DsHeaderProcessor] is not eligible for getting processed by all BeanPostProcessors (for example: not eligible for auto-proxying)
2020-08-16 22:49:44.360 lovexian [main] INFO  o.s.c.s.PostProcessorRegistrationDelegate$BeanPostProcessorChecker - Bean 'dynamicDatasourceAnnotationAdvisor' of type [com.baomidou.dynamic.datasource.aop.DynamicDataSourceAnnotationAdvisor] is not eligible for getting processed by all BeanPostProcessors (for example: not eligible for auto-proxying)
2020-08-16 22:49:44.375 lovexian [main] INFO  o.s.c.s.PostProcessorRegistrationDelegate$BeanPostProcessorChecker - Bean 'org.springframework.transaction.annotation.ProxyTransactionManagementConfiguration' of type [org.springframework.transaction.annotation.ProxyTransactionManagementConfiguration$$EnhancerBySpringCGLIB$$e0ef70c5] is not eligible for getting processed by all BeanPostProcessors (for example: not eligible for auto-proxying)
2020-08-16 22:49:44.408 lovexian [main] INFO  o.s.c.s.PostProcessorRegistrationDelegate$BeanPostProcessorChecker - Bean 'earthSiteProperties' of type [edu.xpu.cs.lovexian.common.properties.EarthSiteProperties$$EnhancerBySpringCGLIB$$7ba0ce64] is not eligible for getting processed by all BeanPostProcessors (for example: not eligible for auto-proxying)
2020-08-16 22:49:44.417 lovexian [main] INFO  o.s.c.s.PostProcessorRegistrationDelegate$BeanPostProcessorChecker - Bean 'shiroConfig' of type [edu.xpu.cs.lovexian.common.authentication.ShiroConfig$$EnhancerBySpringCGLIB$$ae3455f8] is not eligible for getting processed by all BeanPostProcessors (for example: not eligible for auto-proxying)
2020-08-16 22:49:45.042 lovexian [main] INFO  o.s.c.s.PostProcessorRegistrationDelegate$BeanPostProcessorChecker - Bean 'redisConfig' of type [edu.xpu.cs.lovexian.common.config.RedisConfig$$EnhancerBySpringCGLIB$$5e72374c] is not eligible for getting processed by all BeanPostProcessors (for example: not eligible for auto-proxying)
2020-08-16 22:49:45.081 lovexian [main] INFO  o.s.c.s.PostProcessorRegistrationDelegate$BeanPostProcessorChecker - Bean 'jedisPool' of type [redis.clients.jedis.JedisPool] is not eligible for getting processed by all BeanPostProcessors (for example: not eligible for auto-proxying)
2020-08-16 22:49:45.089 lovexian [main] INFO  o.s.c.s.PostProcessorRegistrationDelegate$BeanPostProcessorChecker - Bean 'redisService' of type [edu.xpu.cs.lovexian.common.service.impl.RedisServiceImpl] is not eligible for getting processed by all BeanPostProcessors (for example: not eligible for auto-proxying)
2020-08-16 22:49:45.150 lovexian [main] INFO  o.s.b.a.l.ConditionEvaluationReportLoggingListener - 

Error starting ApplicationContext. To display the conditions report re-run your application with 'debug' enabled.
2020-08-16 22:51:12.144 lovexian [main] INFO  e.x.cs.lovexian.EarthSiteApplication - Starting EarthSiteApplication on AUTOBVT-I3TJPGE with PID 8052 (D:\EarthSite\earth_site\target\classes started by Chengml in D:\EarthSite\earth_site)
2020-08-16 22:51:12.150 lovexian [main] INFO  e.x.cs.lovexian.EarthSiteApplication - No active profile set, falling back to default profiles: default
2020-08-16 22:51:15.026 lovexian [main] INFO  o.s.d.r.c.RepositoryConfigurationDelegate - Multiple Spring Data modules found, entering strict repository configuration mode!
2020-08-16 22:51:15.028 lovexian [main] INFO  o.s.d.r.c.RepositoryConfigurationDelegate - Bootstrapping Spring Data repositories in DEFAULT mode.
2020-08-16 22:51:15.122 lovexian [main] INFO  o.s.d.r.c.RepositoryConfigurationDelegate - Finished Spring Data repository scanning in 79ms. Found 0 repository interfaces.
2020-08-16 22:51:15.588 lovexian [main] INFO  o.s.c.s.PostProcessorRegistrationDelegate$BeanPostProcessorChecker - Bean 'asyncExecutorPoolConfig' of type [edu.xpu.cs.lovexian.common.config.AsyncExecutorPoolConfig$$EnhancerBySpringCGLIB$$808eb67f] is not eligible for getting processed by all BeanPostProcessors (for example: not eligible for auto-proxying)
2020-08-16 22:51:15.864 lovexian [main] INFO  o.s.c.s.PostProcessorRegistrationDelegate$BeanPostProcessorChecker - Bean 'spring.datasource.dynamic-com.baomidou.dynamic.datasource.spring.boot.autoconfigure.DynamicDataSourceProperties' of type [com.baomidou.dynamic.datasource.spring.boot.autoconfigure.DynamicDataSourceProperties] is not eligible for getting processed by all BeanPostProcessors (for example: not eligible for auto-proxying)
2020-08-16 22:51:16.046 lovexian [main] INFO  o.s.c.s.PostProcessorRegistrationDelegate$BeanPostProcessorChecker - Bean 'com.baomidou.dynamic.datasource.spring.boot.autoconfigure.DynamicDataSourceAutoConfiguration' of type [com.baomidou.dynamic.datasource.spring.boot.autoconfigure.DynamicDataSourceAutoConfiguration$$EnhancerBySpringCGLIB$$5801d6f0] is not eligible for getting processed by all BeanPostProcessors (for example: not eligible for auto-proxying)
2020-08-16 22:51:16.064 lovexian [main] INFO  o.s.c.s.PostProcessorRegistrationDelegate$BeanPostProcessorChecker - Bean 'dsProcessor' of type [com.baomidou.dynamic.datasource.processor.DsHeaderProcessor] is not eligible for getting processed by all BeanPostProcessors (for example: not eligible for auto-proxying)
2020-08-16 22:51:16.072 lovexian [main] INFO  o.s.c.s.PostProcessorRegistrationDelegate$BeanPostProcessorChecker - Bean 'dynamicDatasourceAnnotationAdvisor' of type [com.baomidou.dynamic.datasource.aop.DynamicDataSourceAnnotationAdvisor] is not eligible for getting processed by all BeanPostProcessors (for example: not eligible for auto-proxying)
2020-08-16 22:51:16.087 lovexian [main] INFO  o.s.c.s.PostProcessorRegistrationDelegate$BeanPostProcessorChecker - Bean 'org.springframework.transaction.annotation.ProxyTransactionManagementConfiguration' of type [org.springframework.transaction.annotation.ProxyTransactionManagementConfiguration$$EnhancerBySpringCGLIB$$ee73661f] is not eligible for getting processed by all BeanPostProcessors (for example: not eligible for auto-proxying)
2020-08-16 22:51:16.118 lovexian [main] INFO  o.s.c.s.PostProcessorRegistrationDelegate$BeanPostProcessorChecker - Bean 'earthSiteProperties' of type [edu.xpu.cs.lovexian.common.properties.EarthSiteProperties$$EnhancerBySpringCGLIB$$25cce067] is not eligible for getting processed by all BeanPostProcessors (for example: not eligible for auto-proxying)
2020-08-16 22:51:16.128 lovexian [main] INFO  o.s.c.s.PostProcessorRegistrationDelegate$BeanPostProcessorChecker - Bean 'shiroConfig' of type [edu.xpu.cs.lovexian.common.authentication.ShiroConfig$$EnhancerBySpringCGLIB$$b133247b] is not eligible for getting processed by all BeanPostProcessors (for example: not eligible for auto-proxying)
2020-08-16 22:51:16.731 lovexian [main] INFO  o.s.c.s.PostProcessorRegistrationDelegate$BeanPostProcessorChecker - Bean 'redisConfig' of type [edu.xpu.cs.lovexian.common.config.RedisConfig$$EnhancerBySpringCGLIB$$79ad3ecf] is not eligible for getting processed by all BeanPostProcessors (for example: not eligible for auto-proxying)
2020-08-16 22:51:16.759 lovexian [main] INFO  o.s.c.s.PostProcessorRegistrationDelegate$BeanPostProcessorChecker - Bean 'jedisPool' of type [redis.clients.jedis.JedisPool] is not eligible for getting processed by all BeanPostProcessors (for example: not eligible for auto-proxying)
2020-08-16 22:51:16.767 lovexian [main] INFO  o.s.c.s.PostProcessorRegistrationDelegate$BeanPostProcessorChecker - Bean 'redisService' of type [edu.xpu.cs.lovexian.common.service.impl.RedisServiceImpl] is not eligible for getting processed by all BeanPostProcessors (for example: not eligible for auto-proxying)
2020-08-16 22:51:16.858 lovexian [main] INFO  o.s.c.s.PostProcessorRegistrationDelegate$BeanPostProcessorChecker - Bean 'mybatis-plus-com.baomidou.mybatisplus.autoconfigure.MybatisPlusProperties' of type [com.baomidou.mybatisplus.autoconfigure.MybatisPlusProperties] is not eligible for getting processed by all BeanPostProcessors (for example: not eligible for auto-proxying)
2020-08-16 22:51:16.870 lovexian [main] INFO  o.s.c.s.PostProcessorRegistrationDelegate$BeanPostProcessorChecker - Bean 'mybatisPlusConfig' of type [edu.xpu.cs.lovexian.common.config.MybatisPlusConfig$$EnhancerBySpringCGLIB$$79580fa1] is not eligible for getting processed by all BeanPostProcessors (for example: not eligible for auto-proxying)
2020-08-16 22:51:16.877 lovexian [main] INFO  o.s.c.s.PostProcessorRegistrationDelegate$BeanPostProcessorChecker - Bean 'paginationInterceptor' of type [com.baomidou.mybatisplus.extension.plugins.PaginationInterceptor] is not eligible for getting processed by all BeanPostProcessors (for example: not eligible for auto-proxying)
2020-08-16 22:51:16.888 lovexian [main] INFO  o.s.c.s.PostProcessorRegistrationDelegate$BeanPostProcessorChecker - Bean 'com.baomidou.mybatisplus.autoconfigure.MybatisPlusAutoConfiguration' of type [com.baomidou.mybatisplus.autoconfigure.MybatisPlusAutoConfiguration$$EnhancerBySpringCGLIB$$2c3bd2b9] is not eligible for getting processed by all BeanPostProcessors (for example: not eligible for auto-proxying)
2020-08-16 22:51:16.913 lovexian [main] INFO  c.b.d.d.DynamicDataSourceCreator - 动态数据源-检测到druid存在,如配置中未指定type,druid会默认配置
2020-08-16 22:51:16.913 lovexian [main] INFO  o.s.c.s.PostProcessorRegistrationDelegate$BeanPostProcessorChecker - Bean 'dynamicDataSourceCreator' of type [com.baomidou.dynamic.datasource.DynamicDataSourceCreator] is not eligible for getting processed by all BeanPostProcessors (for example: not eligible for auto-proxying)
2020-08-16 22:51:16.916 lovexian [main] INFO  o.s.c.s.PostProcessorRegistrationDelegate$BeanPostProcessorChecker - Bean 'dynamicDataSourceProvider' of type [com.baomidou.dynamic.datasource.provider.YmlDynamicDataSourceProvider] is not eligible for getting processed by all BeanPostProcessors (for example: not eligible for auto-proxying)
2020-08-16 22:51:16.921 lovexian [main] INFO  c.b.d.d.DynamicRoutingDataSource - 动态数据源-检测到并开启了p6spy
2020-08-16 22:51:38.123 lovexian [main] INFO  c.alibaba.druid.pool.DruidDataSource - {dataSource-1,master} inited
2020-08-16 22:51:59.136 lovexian [main] INFO  c.alibaba.druid.pool.DruidDataSource - {dataSource-2,slave} inited
2020-08-16 22:51:59.141 lovexian [main] INFO  c.b.d.d.DynamicRoutingDataSource - 初始共加载 2 个数据源
2020-08-16 22:51:59.141 lovexian [main] INFO  c.b.d.d.DynamicRoutingDataSource - 动态数据源-加载 slave 成功
2020-08-16 22:51:59.141 lovexian [main] INFO  c.b.d.d.DynamicRoutingDataSource - 动态数据源-加载 master 成功
2020-08-16 22:51:59.141 lovexian [main] INFO  c.b.d.d.DynamicRoutingDataSource - 当前的默认数据源是单数据源，数据源名为 master
2020-08-16 22:51:59.141 lovexian [main] INFO  o.s.c.s.PostProcessorRegistrationDelegate$BeanPostProcessorChecker - Bean 'dataSource' of type [com.baomidou.dynamic.datasource.DynamicRoutingDataSource] is not eligible for getting processed by all BeanPostProcessors (for example: not eligible for auto-proxying)
2020-08-16 22:51:59.162 lovexian [main] INFO  o.s.c.s.PostProcessorRegistrationDelegate$BeanPostProcessorChecker - Bean 'spring.datasource-org.springframework.boot.autoconfigure.jdbc.DataSourceProperties' of type [org.springframework.boot.autoconfigure.jdbc.DataSourceProperties] is not eligible for getting processed by all BeanPostProcessors (for example: not eligible for auto-proxying)
2020-08-16 22:51:59.179 lovexian [main] INFO  o.s.c.s.PostProcessorRegistrationDelegate$BeanPostProcessorChecker - Bean 'org.springframework.boot.autoconfigure.jdbc.DataSourceInitializerInvoker' of type [org.springframework.boot.autoconfigure.jdbc.DataSourceInitializerInvoker] is not eligible for getting processed by all BeanPostProcessors (for example: not eligible for auto-proxying)
2020-08-16 22:52:20.135 lovexian [Druid-ConnectionPool-Create-525275084] INFO  c.a.d.pool.DruidAbstractDataSource - {dataSource-1} failContinuous is true
2020-08-16 22:52:41.285 lovexian [Druid-ConnectionPool-Create-945327594] INFO  c.a.d.pool.DruidAbstractDataSource - {dataSource-2} failContinuous is true
2020-08-16 22:53:59.317 lovexian [main] INFO  c.b.d.d.DynamicRoutingDataSource - closing dynamicDatasource  ing....
2020-08-16 22:53:59.330 lovexian [main] INFO  c.alibaba.druid.pool.DruidDataSource - {dataSource-2} closing ...
2020-08-16 22:53:59.332 lovexian [main] INFO  c.alibaba.druid.pool.DruidDataSource - {dataSource-2} closed
2020-08-16 22:53:59.333 lovexian [main] INFO  c.alibaba.druid.pool.DruidDataSource - {dataSource-1} closing ...
2020-08-16 22:53:59.335 lovexian [main] INFO  c.alibaba.druid.pool.DruidDataSource - {dataSource-1} closed
2020-08-16 22:53:59.386 lovexian [main] INFO  o.s.b.a.l.ConditionEvaluationReportLoggingListener - 

Error starting ApplicationContext. To display the conditions report re-run your application with 'debug' enabled.
2020-08-16 22:54:59.615 lovexian [main] INFO  e.x.cs.lovexian.EarthSiteApplication - Starting EarthSiteApplication on AUTOBVT-I3TJPGE with PID 9716 (D:\EarthSite\earth_site\target\classes started by Chengml in D:\EarthSite\earth_site)
2020-08-16 22:54:59.620 lovexian [main] INFO  e.x.cs.lovexian.EarthSiteApplication - No active profile set, falling back to default profiles: default
2020-08-16 22:55:02.577 lovexian [main] INFO  o.s.d.r.c.RepositoryConfigurationDelegate - Multiple Spring Data modules found, entering strict repository configuration mode!
2020-08-16 22:55:02.580 lovexian [main] INFO  o.s.d.r.c.RepositoryConfigurationDelegate - Bootstrapping Spring Data repositories in DEFAULT mode.
2020-08-16 22:55:02.675 lovexian [main] INFO  o.s.d.r.c.RepositoryConfigurationDelegate - Finished Spring Data repository scanning in 79ms. Found 0 repository interfaces.
2020-08-16 22:55:03.198 lovexian [main] INFO  o.s.c.s.PostProcessorRegistrationDelegate$BeanPostProcessorChecker - Bean 'asyncExecutorPoolConfig' of type [edu.xpu.cs.lovexian.common.config.AsyncExecutorPoolConfig$$EnhancerBySpringCGLIB$$be268e6f] is not eligible for getting processed by all BeanPostProcessors (for example: not eligible for auto-proxying)
2020-08-16 22:55:03.417 lovexian [main] INFO  o.s.c.s.PostProcessorRegistrationDelegate$BeanPostProcessorChecker - Bean 'spring.datasource.dynamic-com.baomidou.dynamic.datasource.spring.boot.autoconfigure.DynamicDataSourceProperties' of type [com.baomidou.dynamic.datasource.spring.boot.autoconfigure.DynamicDataSourceProperties] is not eligible for getting processed by all BeanPostProcessors (for example: not eligible for auto-proxying)
2020-08-16 22:55:03.538 lovexian [main] INFO  o.s.c.s.PostProcessorRegistrationDelegate$BeanPostProcessorChecker - Bean 'com.baomidou.dynamic.datasource.spring.boot.autoconfigure.DynamicDataSourceAutoConfiguration' of type [com.baomidou.dynamic.datasource.spring.boot.autoconfigure.DynamicDataSourceAutoConfiguration$$EnhancerBySpringCGLIB$$9599aee0] is not eligible for getting processed by all BeanPostProcessors (for example: not eligible for auto-proxying)
2020-08-16 22:55:03.551 lovexian [main] INFO  o.s.c.s.PostProcessorRegistrationDelegate$BeanPostProcessorChecker - Bean 'dsProcessor' of type [com.baomidou.dynamic.datasource.processor.DsHeaderProcessor] is not eligible for getting processed by all BeanPostProcessors (for example: not eligible for auto-proxying)
2020-08-16 22:55:03.556 lovexian [main] INFO  o.s.c.s.PostProcessorRegistrationDelegate$BeanPostProcessorChecker - Bean 'dynamicDatasourceAnnotationAdvisor' of type [com.baomidou.dynamic.datasource.aop.DynamicDataSourceAnnotationAdvisor] is not eligible for getting processed by all BeanPostProcessors (for example: not eligible for auto-proxying)
2020-08-16 22:55:03.570 lovexian [main] INFO  o.s.c.s.PostProcessorRegistrationDelegate$BeanPostProcessorChecker - Bean 'org.springframework.transaction.annotation.ProxyTransactionManagementConfiguration' of type [org.springframework.transaction.annotation.ProxyTransactionManagementConfiguration$$EnhancerBySpringCGLIB$$2c0b3e0f] is not eligible for getting processed by all BeanPostProcessors (for example: not eligible for auto-proxying)
2020-08-16 22:55:03.601 lovexian [main] INFO  o.s.c.s.PostProcessorRegistrationDelegate$BeanPostProcessorChecker - Bean 'earthSiteProperties' of type [edu.xpu.cs.lovexian.common.properties.EarthSiteProperties$$EnhancerBySpringCGLIB$$6364b857] is not eligible for getting processed by all BeanPostProcessors (for example: not eligible for auto-proxying)
2020-08-16 22:55:03.609 lovexian [main] INFO  o.s.c.s.PostProcessorRegistrationDelegate$BeanPostProcessorChecker - Bean 'shiroConfig' of type [edu.xpu.cs.lovexian.common.authentication.ShiroConfig$$EnhancerBySpringCGLIB$$eecafc6b] is not eligible for getting processed by all BeanPostProcessors (for example: not eligible for auto-proxying)
2020-08-16 22:55:04.222 lovexian [main] INFO  o.s.c.s.PostProcessorRegistrationDelegate$BeanPostProcessorChecker - Bean 'redisConfig' of type [edu.xpu.cs.lovexian.common.config.RedisConfig$$EnhancerBySpringCGLIB$$b74516bf] is not eligible for getting processed by all BeanPostProcessors (for example: not eligible for auto-proxying)
2020-08-16 22:55:04.254 lovexian [main] INFO  o.s.c.s.PostProcessorRegistrationDelegate$BeanPostProcessorChecker - Bean 'jedisPool' of type [redis.clients.jedis.JedisPool] is not eligible for getting processed by all BeanPostProcessors (for example: not eligible for auto-proxying)
2020-08-16 22:55:04.260 lovexian [main] INFO  o.s.c.s.PostProcessorRegistrationDelegate$BeanPostProcessorChecker - Bean 'redisService' of type [edu.xpu.cs.lovexian.common.service.impl.RedisServiceImpl] is not eligible for getting processed by all BeanPostProcessors (for example: not eligible for auto-proxying)
2020-08-16 22:55:04.352 lovexian [main] INFO  o.s.c.s.PostProcessorRegistrationDelegate$BeanPostProcessorChecker - Bean 'mybatis-plus-com.baomidou.mybatisplus.autoconfigure.MybatisPlusProperties' of type [com.baomidou.mybatisplus.autoconfigure.MybatisPlusProperties] is not eligible for getting processed by all BeanPostProcessors (for example: not eligible for auto-proxying)
2020-08-16 22:55:04.364 lovexian [main] INFO  o.s.c.s.PostProcessorRegistrationDelegate$BeanPostProcessorChecker - Bean 'mybatisPlusConfig' of type [edu.xpu.cs.lovexian.common.config.MybatisPlusConfig$$EnhancerBySpringCGLIB$$b6efe791] is not eligible for getting processed by all BeanPostProcessors (for example: not eligible for auto-proxying)
2020-08-16 22:55:04.372 lovexian [main] INFO  o.s.c.s.PostProcessorRegistrationDelegate$BeanPostProcessorChecker - Bean 'paginationInterceptor' of type [com.baomidou.mybatisplus.extension.plugins.PaginationInterceptor] is not eligible for getting processed by all BeanPostProcessors (for example: not eligible for auto-proxying)
2020-08-16 22:55:04.382 lovexian [main] INFO  o.s.c.s.PostProcessorRegistrationDelegate$BeanPostProcessorChecker - Bean 'com.baomidou.mybatisplus.autoconfigure.MybatisPlusAutoConfiguration' of type [com.baomidou.mybatisplus.autoconfigure.MybatisPlusAutoConfiguration$$EnhancerBySpringCGLIB$$69d3aaa9] is not eligible for getting processed by all BeanPostProcessors (for example: not eligible for auto-proxying)
2020-08-16 22:55:04.405 lovexian [main] INFO  c.b.d.d.DynamicDataSourceCreator - 动态数据源-检测到druid存在,如配置中未指定type,druid会默认配置
2020-08-16 22:55:04.406 lovexian [main] INFO  o.s.c.s.PostProcessorRegistrationDelegate$BeanPostProcessorChecker - Bean 'dynamicDataSourceCreator' of type [com.baomidou.dynamic.datasource.DynamicDataSourceCreator] is not eligible for getting processed by all BeanPostProcessors (for example: not eligible for auto-proxying)
2020-08-16 22:55:04.409 lovexian [main] INFO  o.s.c.s.PostProcessorRegistrationDelegate$BeanPostProcessorChecker - Bean 'dynamicDataSourceProvider' of type [com.baomidou.dynamic.datasource.provider.YmlDynamicDataSourceProvider] is not eligible for getting processed by all BeanPostProcessors (for example: not eligible for auto-proxying)
2020-08-16 22:55:04.413 lovexian [main] INFO  c.b.d.d.DynamicRoutingDataSource - 动态数据源-检测到并开启了p6spy
2020-08-16 22:55:25.596 lovexian [main] INFO  c.alibaba.druid.pool.DruidDataSource - {dataSource-1,master} inited
2020-08-16 22:55:46.618 lovexian [main] INFO  c.alibaba.druid.pool.DruidDataSource - {dataSource-2,slave} inited
2020-08-16 22:55:46.643 lovexian [main] INFO  c.b.d.d.DynamicRoutingDataSource - 初始共加载 2 个数据源
2020-08-16 22:55:46.645 lovexian [main] INFO  c.b.d.d.DynamicRoutingDataSource - 动态数据源-加载 slave 成功
2020-08-16 22:55:46.646 lovexian [main] INFO  c.b.d.d.DynamicRoutingDataSource - 动态数据源-加载 master 成功
2020-08-16 22:55:46.646 lovexian [main] INFO  c.b.d.d.DynamicRoutingDataSource - 当前的默认数据源是单数据源，数据源名为 master
2020-08-16 22:55:46.646 lovexian [main] INFO  o.s.c.s.PostProcessorRegistrationDelegate$BeanPostProcessorChecker - Bean 'dataSource' of type [com.baomidou.dynamic.datasource.DynamicRoutingDataSource] is not eligible for getting processed by all BeanPostProcessors (for example: not eligible for auto-proxying)
2020-08-16 22:55:46.668 lovexian [main] INFO  o.s.c.s.PostProcessorRegistrationDelegate$BeanPostProcessorChecker - Bean 'spring.datasource-org.springframework.boot.autoconfigure.jdbc.DataSourceProperties' of type [org.springframework.boot.autoconfigure.jdbc.DataSourceProperties] is not eligible for getting processed by all BeanPostProcessors (for example: not eligible for auto-proxying)
2020-08-16 22:55:46.681 lovexian [main] INFO  o.s.c.s.PostProcessorRegistrationDelegate$BeanPostProcessorChecker - Bean 'org.springframework.boot.autoconfigure.jdbc.DataSourceInitializerInvoker' of type [org.springframework.boot.autoconfigure.jdbc.DataSourceInitializerInvoker] is not eligible for getting processed by all BeanPostProcessors (for example: not eligible for auto-proxying)
2020-08-16 22:56:07.622 lovexian [Druid-ConnectionPool-Create-269973396] INFO  c.a.d.pool.DruidAbstractDataSource - {dataSource-1} failContinuous is true
2020-08-16 22:56:28.644 lovexian [Druid-ConnectionPool-Create-2142812880] INFO  c.a.d.pool.DruidAbstractDataSource - {dataSource-2} failContinuous is true
2020-08-16 22:58:52.227 lovexian [main] INFO  e.x.cs.lovexian.EarthSiteApplication - Starting EarthSiteApplication on AUTOBVT-I3TJPGE with PID 10780 (D:\EarthSite\earth_site\target\classes started by Chengml in D:\EarthSite\earth_site)
2020-08-16 22:58:52.233 lovexian [main] INFO  e.x.cs.lovexian.EarthSiteApplication - No active profile set, falling back to default profiles: default
2020-08-16 22:58:54.420 lovexian [main] INFO  o.s.d.r.c.RepositoryConfigurationDelegate - Multiple Spring Data modules found, entering strict repository configuration mode!
2020-08-16 22:58:54.422 lovexian [main] INFO  o.s.d.r.c.RepositoryConfigurationDelegate - Bootstrapping Spring Data repositories in DEFAULT mode.
2020-08-16 22:58:54.669 lovexian [main] INFO  o.s.d.r.c.RepositoryConfigurationDelegate - Finished Spring Data repository scanning in 231ms. Found 0 repository interfaces.
2020-08-16 22:58:55.198 lovexian [main] INFO  o.s.c.s.PostProcessorRegistrationDelegate$BeanPostProcessorChecker - Bean 'asyncExecutorPoolConfig' of type [edu.xpu.cs.lovexian.common.config.AsyncExecutorPoolConfig$$EnhancerBySpringCGLIB$$63e318a] is not eligible for getting processed by all BeanPostProcessors (for example: not eligible for auto-proxying)
2020-08-16 22:58:55.434 lovexian [main] INFO  o.s.c.s.PostProcessorRegistrationDelegate$BeanPostProcessorChecker - Bean 'spring.datasource.dynamic-com.baomidou.dynamic.datasource.spring.boot.autoconfigure.DynamicDataSourceProperties' of type [com.baomidou.dynamic.datasource.spring.boot.autoconfigure.DynamicDataSourceProperties] is not eligible for getting processed by all BeanPostProcessors (for example: not eligible for auto-proxying)
2020-08-16 22:58:55.571 lovexian [main] INFO  o.s.c.s.PostProcessorRegistrationDelegate$BeanPostProcessorChecker - Bean 'com.baomidou.dynamic.datasource.spring.boot.autoconfigure.DynamicDataSourceAutoConfiguration' of type [com.baomidou.dynamic.datasource.spring.boot.autoconfigure.DynamicDataSourceAutoConfiguration$$EnhancerBySpringCGLIB$$ddb151fb] is not eligible for getting processed by all BeanPostProcessors (for example: not eligible for auto-proxying)
2020-08-16 22:58:55.585 lovexian [main] INFO  o.s.c.s.PostProcessorRegistrationDelegate$BeanPostProcessorChecker - Bean 'dsProcessor' of type [com.baomidou.dynamic.datasource.processor.DsHeaderProcessor] is not eligible for getting processed by all BeanPostProcessors (for example: not eligible for auto-proxying)
2020-08-16 22:58:55.592 lovexian [main] INFO  o.s.c.s.PostProcessorRegistrationDelegate$BeanPostProcessorChecker - Bean 'dynamicDatasourceAnnotationAdvisor' of type [com.baomidou.dynamic.datasource.aop.DynamicDataSourceAnnotationAdvisor] is not eligible for getting processed by all BeanPostProcessors (for example: not eligible for auto-proxying)
2020-08-16 22:58:55.609 lovexian [main] INFO  o.s.c.s.PostProcessorRegistrationDelegate$BeanPostProcessorChecker - Bean 'org.springframework.transaction.annotation.ProxyTransactionManagementConfiguration' of type [org.springframework.transaction.annotation.ProxyTransactionManagementConfiguration$$EnhancerBySpringCGLIB$$7422e12a] is not eligible for getting processed by all BeanPostProcessors (for example: not eligible for auto-proxying)
2020-08-16 22:58:55.654 lovexian [main] INFO  o.s.c.s.PostProcessorRegistrationDelegate$BeanPostProcessorChecker - Bean 'earthSiteProperties' of type [edu.xpu.cs.lovexian.common.properties.EarthSiteProperties$$EnhancerBySpringCGLIB$$ab7c5b72] is not eligible for getting processed by all BeanPostProcessors (for example: not eligible for auto-proxying)
2020-08-16 22:58:55.669 lovexian [main] INFO  o.s.c.s.PostProcessorRegistrationDelegate$BeanPostProcessorChecker - Bean 'shiroConfig' of type [edu.xpu.cs.lovexian.common.authentication.ShiroConfig$$EnhancerBySpringCGLIB$$36e29f86] is not eligible for getting processed by all BeanPostProcessors (for example: not eligible for auto-proxying)
2020-08-16 22:58:56.332 lovexian [main] INFO  o.s.c.s.PostProcessorRegistrationDelegate$BeanPostProcessorChecker - Bean 'redisConfig' of type [edu.xpu.cs.lovexian.common.config.RedisConfig$$EnhancerBySpringCGLIB$$ff5cb9da] is not eligible for getting processed by all BeanPostProcessors (for example: not eligible for auto-proxying)
2020-08-16 22:58:56.360 lovexian [main] INFO  o.s.c.s.PostProcessorRegistrationDelegate$BeanPostProcessorChecker - Bean 'jedisPool' of type [redis.clients.jedis.JedisPool] is not eligible for getting processed by all BeanPostProcessors (for example: not eligible for auto-proxying)
2020-08-16 22:58:56.368 lovexian [main] INFO  o.s.c.s.PostProcessorRegistrationDelegate$BeanPostProcessorChecker - Bean 'redisService' of type [edu.xpu.cs.lovexian.common.service.impl.RedisServiceImpl] is not eligible for getting processed by all BeanPostProcessors (for example: not eligible for auto-proxying)
2020-08-16 22:58:56.463 lovexian [main] INFO  o.s.c.s.PostProcessorRegistrationDelegate$BeanPostProcessorChecker - Bean 'mybatis-plus-com.baomidou.mybatisplus.autoconfigure.MybatisPlusProperties' of type [com.baomidou.mybatisplus.autoconfigure.MybatisPlusProperties] is not eligible for getting processed by all BeanPostProcessors (for example: not eligible for auto-proxying)
2020-08-16 22:58:56.485 lovexian [main] INFO  o.s.c.s.PostProcessorRegistrationDelegate$BeanPostProcessorChecker - Bean 'mybatisPlusConfig' of type [edu.xpu.cs.lovexian.common.config.MybatisPlusConfig$$EnhancerBySpringCGLIB$$ff078aac] is not eligible for getting processed by all BeanPostProcessors (for example: not eligible for auto-proxying)
2020-08-16 22:58:56.496 lovexian [main] INFO  o.s.c.s.PostProcessorRegistrationDelegate$BeanPostProcessorChecker - Bean 'paginationInterceptor' of type [com.baomidou.mybatisplus.extension.plugins.PaginationInterceptor] is not eligible for getting processed by all BeanPostProcessors (for example: not eligible for auto-proxying)
2020-08-16 22:58:56.514 lovexian [main] INFO  o.s.c.s.PostProcessorRegistrationDelegate$BeanPostProcessorChecker - Bean 'com.baomidou.mybatisplus.autoconfigure.MybatisPlusAutoConfiguration' of type [com.baomidou.mybatisplus.autoconfigure.MybatisPlusAutoConfiguration$$EnhancerBySpringCGLIB$$b1eb4dc4] is not eligible for getting processed by all BeanPostProcessors (for example: not eligible for auto-proxying)
2020-08-16 22:58:56.547 lovexian [main] INFO  c.b.d.d.DynamicDataSourceCreator - 动态数据源-检测到druid存在,如配置中未指定type,druid会默认配置
2020-08-16 22:58:56.548 lovexian [main] INFO  o.s.c.s.PostProcessorRegistrationDelegate$BeanPostProcessorChecker - Bean 'dynamicDataSourceCreator' of type [com.baomidou.dynamic.datasource.DynamicDataSourceCreator] is not eligible for getting processed by all BeanPostProcessors (for example: not eligible for auto-proxying)
2020-08-16 22:58:56.553 lovexian [main] INFO  o.s.c.s.PostProcessorRegistrationDelegate$BeanPostProcessorChecker - Bean 'dynamicDataSourceProvider' of type [com.baomidou.dynamic.datasource.provider.YmlDynamicDataSourceProvider] is not eligible for getting processed by all BeanPostProcessors (for example: not eligible for auto-proxying)
2020-08-16 22:58:56.559 lovexian [main] INFO  c.b.d.d.DynamicRoutingDataSource - 动态数据源-检测到并开启了p6spy
2020-08-16 22:59:17.771 lovexian [main] INFO  c.alibaba.druid.pool.DruidDataSource - {dataSource-1,master} inited
2020-08-16 22:59:38.997 lovexian [main] INFO  e.x.cs.lovexian.EarthSiteApplication - Starting EarthSiteApplication on AUTOBVT-I3TJPGE with PID 10148 (D:\EarthSite\earth_site\target\classes started by Chengml in D:\EarthSite\earth_site)
2020-08-16 22:59:39.003 lovexian [main] INFO  e.x.cs.lovexian.EarthSiteApplication - No active profile set, falling back to default profiles: default
2020-08-16 22:59:41.800 lovexian [main] INFO  o.s.d.r.c.RepositoryConfigurationDelegate - Multiple Spring Data modules found, entering strict repository configuration mode!
2020-08-16 22:59:41.803 lovexian [main] INFO  o.s.d.r.c.RepositoryConfigurationDelegate - Bootstrapping Spring Data repositories in DEFAULT mode.
2020-08-16 22:59:42.037 lovexian [main] INFO  o.s.d.r.c.RepositoryConfigurationDelegate - Finished Spring Data repository scanning in 217ms. Found 0 repository interfaces.
2020-08-16 22:59:42.692 lovexian [main] INFO  o.s.c.s.PostProcessorRegistrationDelegate$BeanPostProcessorChecker - Bean 'asyncExecutorPoolConfig' of type [edu.xpu.cs.lovexian.common.config.AsyncExecutorPoolConfig$$EnhancerBySpringCGLIB$$791bb0af] is not eligible for getting processed by all BeanPostProcessors (for example: not eligible for auto-proxying)
2020-08-16 22:59:42.979 lovexian [main] INFO  o.s.c.s.PostProcessorRegistrationDelegate$BeanPostProcessorChecker - Bean 'spring.datasource.dynamic-com.baomidou.dynamic.datasource.spring.boot.autoconfigure.DynamicDataSourceProperties' of type [com.baomidou.dynamic.datasource.spring.boot.autoconfigure.DynamicDataSourceProperties] is not eligible for getting processed by all BeanPostProcessors (for example: not eligible for auto-proxying)
2020-08-16 22:59:43.108 lovexian [main] INFO  o.s.c.s.PostProcessorRegistrationDelegate$BeanPostProcessorChecker - Bean 'com.baomidou.dynamic.datasource.spring.boot.autoconfigure.DynamicDataSourceAutoConfiguration' of type [com.baomidou.dynamic.datasource.spring.boot.autoconfigure.DynamicDataSourceAutoConfiguration$$EnhancerBySpringCGLIB$$508ed120] is not eligible for getting processed by all BeanPostProcessors (for example: not eligible for auto-proxying)
2020-08-16 22:59:43.122 lovexian [main] INFO  o.s.c.s.PostProcessorRegistrationDelegate$BeanPostProcessorChecker - Bean 'dsProcessor' of type [com.baomidou.dynamic.datasource.processor.DsHeaderProcessor] is not eligible for getting processed by all BeanPostProcessors (for example: not eligible for auto-proxying)
2020-08-16 22:59:43.127 lovexian [main] INFO  o.s.c.s.PostProcessorRegistrationDelegate$BeanPostProcessorChecker - Bean 'dynamicDatasourceAnnotationAdvisor' of type [com.baomidou.dynamic.datasource.aop.DynamicDataSourceAnnotationAdvisor] is not eligible for getting processed by all BeanPostProcessors (for example: not eligible for auto-proxying)
2020-08-16 22:59:43.147 lovexian [main] INFO  o.s.c.s.PostProcessorRegistrationDelegate$BeanPostProcessorChecker - Bean 'org.springframework.transaction.annotation.ProxyTransactionManagementConfiguration' of type [org.springframework.transaction.annotation.ProxyTransactionManagementConfiguration$$EnhancerBySpringCGLIB$$e700604f] is not eligible for getting processed by all BeanPostProcessors (for example: not eligible for auto-proxying)
2020-08-16 22:59:43.179 lovexian [main] INFO  o.s.c.s.PostProcessorRegistrationDelegate$BeanPostProcessorChecker - Bean 'earthSiteProperties' of type [edu.xpu.cs.lovexian.common.properties.EarthSiteProperties$$EnhancerBySpringCGLIB$$1e59da97] is not eligible for getting processed by all BeanPostProcessors (for example: not eligible for auto-proxying)
2020-08-16 22:59:43.192 lovexian [main] INFO  o.s.c.s.PostProcessorRegistrationDelegate$BeanPostProcessorChecker - Bean 'shiroConfig' of type [edu.xpu.cs.lovexian.common.authentication.ShiroConfig$$EnhancerBySpringCGLIB$$a9c01eab] is not eligible for getting processed by all BeanPostProcessors (for example: not eligible for auto-proxying)
2020-08-16 22:59:43.852 lovexian [main] INFO  o.s.c.s.PostProcessorRegistrationDelegate$BeanPostProcessorChecker - Bean 'redisConfig' of type [edu.xpu.cs.lovexian.common.config.RedisConfig$$EnhancerBySpringCGLIB$$723a38ff] is not eligible for getting processed by all BeanPostProcessors (for example: not eligible for auto-proxying)
2020-08-16 22:59:43.889 lovexian [main] INFO  o.s.c.s.PostProcessorRegistrationDelegate$BeanPostProcessorChecker - Bean 'jedisPool' of type [redis.clients.jedis.JedisPool] is not eligible for getting processed by all BeanPostProcessors (for example: not eligible for auto-proxying)
2020-08-16 22:59:43.897 lovexian [main] INFO  o.s.c.s.PostProcessorRegistrationDelegate$BeanPostProcessorChecker - Bean 'redisService' of type [edu.xpu.cs.lovexian.common.service.impl.RedisServiceImpl] is not eligible for getting processed by all BeanPostProcessors (for example: not eligible for auto-proxying)
2020-08-16 22:59:44.013 lovexian [main] INFO  o.s.c.s.PostProcessorRegistrationDelegate$BeanPostProcessorChecker - Bean 'mybatis-plus-com.baomidou.mybatisplus.autoconfigure.MybatisPlusProperties' of type [com.baomidou.mybatisplus.autoconfigure.MybatisPlusProperties] is not eligible for getting processed by all BeanPostProcessors (for example: not eligible for auto-proxying)
2020-08-16 22:59:44.029 lovexian [main] INFO  o.s.c.s.PostProcessorRegistrationDelegate$BeanPostProcessorChecker - Bean 'mybatisPlusConfig' of type [edu.xpu.cs.lovexian.common.config.MybatisPlusConfig$$EnhancerBySpringCGLIB$$71e509d1] is not eligible for getting processed by all BeanPostProcessors (for example: not eligible for auto-proxying)
2020-08-16 22:59:44.038 lovexian [main] INFO  o.s.c.s.PostProcessorRegistrationDelegate$BeanPostProcessorChecker - Bean 'paginationInterceptor' of type [com.baomidou.mybatisplus.extension.plugins.PaginationInterceptor] is not eligible for getting processed by all BeanPostProcessors (for example: not eligible for auto-proxying)
2020-08-16 22:59:44.052 lovexian [main] INFO  o.s.c.s.PostProcessorRegistrationDelegate$BeanPostProcessorChecker - Bean 'com.baomidou.mybatisplus.autoconfigure.MybatisPlusAutoConfiguration' of type [com.baomidou.mybatisplus.autoconfigure.MybatisPlusAutoConfiguration$$EnhancerBySpringCGLIB$$24c8cce9] is not eligible for getting processed by all BeanPostProcessors (for example: not eligible for auto-proxying)
2020-08-16 22:59:44.086 lovexian [main] INFO  c.b.d.d.DynamicDataSourceCreator - 动态数据源-检测到druid存在,如配置中未指定type,druid会默认配置
2020-08-16 22:59:44.087 lovexian [main] INFO  o.s.c.s.PostProcessorRegistrationDelegate$BeanPostProcessorChecker - Bean 'dynamicDataSourceCreator' of type [com.baomidou.dynamic.datasource.DynamicDataSourceCreator] is not eligible for getting processed by all BeanPostProcessors (for example: not eligible for auto-proxying)
2020-08-16 22:59:44.091 lovexian [main] INFO  o.s.c.s.PostProcessorRegistrationDelegate$BeanPostProcessorChecker - Bean 'dynamicDataSourceProvider' of type [com.baomidou.dynamic.datasource.provider.YmlDynamicDataSourceProvider] is not eligible for getting processed by all BeanPostProcessors (for example: not eligible for auto-proxying)
2020-08-16 22:59:44.096 lovexian [main] INFO  c.b.d.d.DynamicRoutingDataSource - 动态数据源-检测到并开启了p6spy
2020-08-16 23:00:05.272 lovexian [main] INFO  c.alibaba.druid.pool.DruidDataSource - {dataSource-1,master} inited
